TN:
SF:constants.tsx
FNF:0
FNH:0
DA:1,1
DA:2,1
DA:3,1
DA:4,1
DA:5,1
DA:6,1
DA:8,6
DA:15,1
LF:8
LH:8
BRF:0
BRH:0
end_of_record
TN:
SF:types.ts
FNF:0
FNH:0
DA:1,36
DA:8,11
LF:2
LH:2
BRF:0
BRH:0
end_of_record
TN:
SF:app/layout.tsx
FN:14,RootLayout
FNF:1
FNH:0
FNDA:0,RootLayout
DA:2,0
DA:3,0
DA:4,0
DA:6,0
DA:14,0
LF:5
LH:0
BRF:0
BRH:0
end_of_record
TN:
SF:app/page.tsx
FN:13,HomePage
FNF:1
FNH:0
FNDA:0,HomePage
DA:3,0
DA:4,0
DA:5,0
DA:6,0
DA:7,0
DA:8,0
DA:9,0
DA:10,0
DA:11,0
DA:13,0
DA:19,0
LF:11
LH:0
BRDA:32,0,0,0
BRDA:39,1,0,0
BRDA:47,2,0,0
BRDA:47,2,1,0
BRDA:51,3,0,0
BRF:5
BRH:0
end_of_record
TN:
SF:app/api/analyze/route.ts
FN:39,(anonymous_2)
FN:56,(anonymous_3)
FN:70,(anonymous_4)
FN:95,(anonymous_5)
FNF:4
FNH:0
FNDA:0,(anonymous_2)
FNDA:0,(anonymous_3)
FNDA:0,(anonymous_4)
FNDA:0,(anonymous_5)
DA:1,0
DA:2,0
DA:3,0
DA:5,0
DA:6,0
DA:7,0
DA:8,0
DA:12,0
DA:39,0
DA:40,0
DA:54,0
DA:55,0
DA:56,0
DA:57,0
DA:61,0
DA:65,0
DA:70,0
DA:71,0
DA:73,0
DA:74,0
DA:76,0
DA:79,0
DA:80,0
DA:82,0
DA:87,0
DA:88,0
DA:90,0
DA:91,0
DA:95,0
DA:96,0
DA:98,0
DA:100,0
DA:102,0
DA:103,0
DA:109,0
DA:110,0
DA:112,0
DA:113,0
DA:115,0
DA:116,0
DA:126,0
DA:127,0
DA:128,0
DA:129,0
DA:131,0
DA:133,0
DA:134,0
DA:138,0
DA:141,0
DA:146,0
DA:147,0
DA:153,0
DA:156,0
DA:157,0
DA:163,0
DA:164,0
DA:165,0
DA:166,0
DA:167,0
DA:171,0
LF:60
LH:0
BRDA:55,0,0,0
BRDA:55,1,0,0
BRDA:55,1,1,0
BRDA:95,2,0,0
BRDA:95,2,1,0
BRDA:95,2,2,0
BRDA:96,3,0,0
BRDA:100,4,0,0
BRDA:100,4,1,0
BRDA:110,5,0,0
BRDA:110,5,1,0
BRDA:112,6,0,0
BRDA:126,7,0,0
BRDA:126,7,1,0
BRDA:128,8,0,0
BRDA:166,9,0,0
BRDA:166,9,1,0
BRF:17
BRH:0
end_of_record
TN:
SF:app/api/transcribe/route.ts
FN:24,(anonymous_1)
FN:34,(anonymous_2)
FN:36,(anonymous_3)
FN:56,(anonymous_4)
FN:57,(anonymous_5)
FN:59,(anonymous_6)
FN:91,(anonymous_7)
FN:142,(anonymous_8)
FN:147,(anonymous_9)
FN:166,(anonymous_10)
FNF:10
FNH:0
FNDA:0,(anonymous_1)
FNDA:0,(anonymous_2)
FNDA:0,(anonymous_3)
FNDA:0,(anonymous_4)
FNDA:0,(anonymous_5)
FNDA:0,(anonymous_6)
FNDA:0,(anonymous_7)
FNDA:0,(anonymous_8)
FNDA:0,(anonymous_9)
FNDA:0,(anonymous_10)
DA:1,0
DA:2,0
DA:3,0
DA:4,0
DA:11,0
DA:24,0
DA:25,0
DA:26,0
DA:27,0
DA:28,0
DA:29,0
DA:31,0
DA:34,0
DA:35,0
DA:36,0
DA:38,0
DA:39,0
DA:41,0
DA:42,0
DA:44,0
DA:45,0
DA:47,0
DA:48,0
DA:50,0
DA:56,0
DA:57,0
DA:58,0
DA:59,0
DA:62,0
DA:70,0
DA:76,0
DA:77,0
DA:79,0
DA:91,0
DA:92,0
DA:94,0
DA:95,0
DA:97,0
DA:98,0
DA:99,0
DA:101,0
DA:102,0
DA:103,0
DA:106,0
DA:107,0
DA:108,0
DA:112,0
DA:113,0
DA:114,0
DA:120,0
DA:126,0
DA:132,0
DA:133,0
DA:135,0
DA:136,0
DA:139,0
DA:140,0
DA:142,0
DA:145,0
DA:147,0
DA:148,0
DA:149,0
DA:154,0
DA:163,0
DA:164,0
DA:166,0
DA:169,0
DA:172,0
DA:173,0
DA:174,0
DA:175,0
DA:179,0
LF:72
LH:0
BRDA:38,0,0,0
BRDA:38,1,0,0
BRDA:38,1,1,0
BRDA:38,1,2,0
BRDA:41,2,0,0
BRDA:41,3,0,0
BRDA:41,3,1,0
BRDA:41,3,2,0
BRDA:44,4,0,0
BRDA:44,5,0,0
BRDA:44,5,1,0
BRDA:44,5,2,0
BRDA:47,6,0,0
BRDA:47,7,0,0
BRDA:47,7,1,0
BRDA:47,7,2,0
BRDA:70,8,0,0
BRDA:76,9,0,0
BRDA:76,9,1,0
BRDA:76,10,0,0
BRDA:76,10,1,0
BRDA:101,11,0,0
BRDA:106,12,0,0
BRDA:127,13,0,0
BRDA:127,13,1,0
BRDA:148,14,0,0
BRDA:148,14,1,0
BRDA:158,15,0,0
BRDA:158,15,1,0
BRF:29
BRH:0
end_of_record
TN:
SF:components/AnalysisController.tsx
FN:7,(anonymous_4)
FN:26,(anonymous_5)
FN:43,(anonymous_6)
FNF:3
FNH:0
FNDA:0,(anonymous_4)
FNDA:0,(anonymous_5)
FNDA:0,(anonymous_6)
DA:1,0
DA:2,0
DA:3,0
DA:4,0
DA:5,0
DA:7,0
DA:8,0
DA:9,0
DA:11,0
DA:12,0
DA:14,0
DA:27,0
DA:28,0
DA:43,0
LF:14
LH:0
BRDA:14,0,0,0
BRDA:14,0,1,0
BRDA:14,0,2,0
BRDA:14,0,3,0
BRDA:27,1,0,0
BRDA:27,1,1,0
BRDA:32,2,0,0
BRDA:32,2,1,0
BRDA:35,3,0,0
BRDA:35,3,1,0
BRDA:36,4,0,0
BRDA:36,4,1,0
BRDA:43,5,0,0
BRDA:43,5,1,0
BRDA:57,6,0,0
BRDA:57,6,1,0
BRDA:60,7,0,0
BRDA:60,7,1,0
BRDA:62,8,0,0
BRDA:62,8,1,0
BRF:20
BRH:0
end_of_record
TN:
SF:components/AnalysisSummary.tsx
FN:7,(anonymous_4)
FN:25,(anonymous_5)
FN:26,(anonymous_6)
FN:50,(anonymous_7)
FN:56,(anonymous_8)
FN:59,(anonymous_9)
FN:60,(anonymous_10)
FN:64,(anonymous_11)
FNF:8
FNH:0
FNDA:0,(anonymous_4)
FNDA:0,(anonymous_5)
FNDA:0,(anonymous_6)
FNDA:0,(anonymous_7)
FNDA:0,(anonymous_8)
FNDA:0,(anonymous_9)
FNDA:0,(anonymous_10)
FNDA:0,(anonymous_11)
DA:1,0
DA:2,0
DA:3,0
DA:4,0
DA:5,0
DA:7,0
DA:8,0
DA:9,0
DA:11,0
DA:25,0
DA:26,0
DA:28,0
DA:51,0
DA:52,0
DA:54,0
DA:56,0
DA:60,0
DA:61,0
DA:62,0
DA:64,0
DA:65,0
DA:67,0
LF:22
LH:0
BRDA:11,0,0,0
BRDA:28,1,0,0
BRDA:52,2,0,0
BRDA:52,2,1,0
BRDA:56,3,0,0
BRDA:56,3,1,0
BRDA:57,4,0,0
BRDA:57,4,1,0
BRDA:62,5,0,0
BRDA:62,6,0,0
BRDA:62,6,1,0
BRDA:62,6,2,0
BRDA:68,7,0,0
BRDA:68,7,1,0
BRF:14
BRH:0
end_of_record
TN:
SF:components/ApiKeyManager.tsx
FN:6,(anonymous_4)
FN:10,(anonymous_5)
FN:11,(anonymous_6)
FN:14,(anonymous_7)
FN:23,(anonymous_8)
FN:50,(anonymous_9)
FN:60,(anonymous_10)
FN:81,(anonymous_11)
FNF:8
FNH:0
FNDA:0,(anonymous_4)
FNDA:0,(anonymous_5)
FNDA:0,(anonymous_6)
FNDA:0,(anonymous_7)
FNDA:0,(anonymous_8)
FNDA:0,(anonymous_9)
FNDA:0,(anonymous_10)
FNDA:0,(anonymous_11)
DA:1,0
DA:3,0
DA:4,0
DA:6,0
DA:7,0
DA:8,0
DA:10,0
DA:11,0
DA:14,0
DA:15,0
DA:17,0
DA:23,0
DA:51,0
DA:60,0
DA:81,0
LF:15
LH:0
BRDA:15,0,0,0
BRDA:15,0,1,0
BRDA:15,1,0,0
BRDA:15,1,1,0
BRDA:29,2,0,0
BRDA:29,2,1,0
BRDA:32,3,0,0
BRDA:32,3,1,0
BRDA:39,4,0,0
BRDA:39,4,1,0
BRDA:46,5,0,0
BRDA:46,5,1,0
BRF:12
BRH:0
end_of_record
TN:
SF:components/AudioUploader.tsx
FN:9,(anonymous_4)
FN:14,(anonymous_5)
FN:27,(anonymous_6)
FN:30,(anonymous_7)
FNF:4
FNH:2
FNDA:6,(anonymous_4)
FNDA:0,(anonymous_5)
FNDA:24,(anonymous_6)
FNDA:0,(anonymous_7)
DA:1,1
DA:2,1
DA:3,1
DA:4,1
DA:5,1
DA:6,1
DA:7,1
DA:9,6
DA:10,6
DA:11,6
DA:12,6
DA:14,6
DA:15,0
DA:16,0
DA:20,6
DA:27,24
DA:28,6
DA:30,6
DA:31,0
DA:32,0
LF:20
LH:16
BRDA:15,0,0,0
BRDA:28,1,0,6
BRDA:28,1,1,0
BRDA:28,1,2,0
BRDA:31,2,0,0
BRDA:31,3,0,0
BRDA:31,3,1,0
BRDA:40,4,0,0
BRDA:40,4,1,6
BRDA:45,5,0,0
BRDA:52,6,0,6
BRDA:64,7,0,0
BRDA:64,7,1,6
BRDA:67,8,0,6
BRDA:67,8,1,6
BRF:15
BRH:6
end_of_record
TN:
SF:components/ErrorBoundary.tsx
FN:17,(anonymous_2)
FN:22,(anonymous_3)
FN:27,(anonymous_4)
FN:40,(anonymous_5)
FN:70,(anonymous_6)
FNF:5
FNH:4
FNDA:8,(anonymous_2)
FNDA:6,(anonymous_3)
FNDA:3,(anonymous_4)
FNDA:16,(anonymous_5)
FNDA:0,(anonymous_6)
DA:3,5
DA:18,8
DA:19,7
DA:24,6
DA:29,3
DA:31,3
DA:41,16
DA:43,9
DA:44,3
DA:70,0
DA:80,7
DA:84,5
LF:12
LH:11
BRDA:41,0,0,9
BRDA:43,1,0,3
BRDA:57,2,0,6
BRDA:57,2,1,0
BRF:4
BRH:3
end_of_record
TN:
SF:components/Header.tsx
FN:3,(anonymous_2)
FNF:1
FNH:1
FNDA:4,(anonymous_2)
DA:1,1
DA:3,4
LF:2
LH:2
BRF:0
BRH:0
end_of_record
TN:
SF:components/TranscriptionView.tsx
FN:8,(anonymous_4)
FN:14,(anonymous_5)
FN:14,(anonymous_6)
FN:21,(anonymous_7)
FN:23,(anonymous_8)
FN:28,(anonymous_9)
FN:40,(anonymous_10)
FN:40,(anonymous_11)
FN:42,(anonymous_12)
FN:54,(anonymous_13)
FN:70,(anonymous_14)
FN:75,(anonymous_15)
FN:81,(anonymous_16)
FN:82,(anonymous_17)
FN:82,(anonymous_18)
FN:85,(anonymous_19)
FN:97,(anonymous_20)
FN:98,(anonymous_21)
FN:113,(anonymous_22)
FN:118,(anonymous_23)
FN:128,(anonymous_24)
FN:130,(anonymous_25)
FN:131,(anonymous_26)
FN:149,(anonymous_27)
FN:158,(anonymous_28)
FN:159,(anonymous_29)
FN:167,(anonymous_30)
FN:168,(anonymous_31)
FNF:28
FNH:0
FNDA:0,(anonymous_4)
FNDA:0,(anonymous_5)
FNDA:0,(anonymous_6)
FNDA:0,(anonymous_7)
FNDA:0,(anonymous_8)
FNDA:0,(anonymous_9)
FNDA:0,(anonymous_10)
FNDA:0,(anonymous_11)
FNDA:0,(anonymous_12)
FNDA:0,(anonymous_13)
FNDA:0,(anonymous_14)
FNDA:0,(anonymous_15)
FNDA:0,(anonymous_16)
FNDA:0,(anonymous_17)
FNDA:0,(anonymous_18)
FNDA:0,(anonymous_19)
FNDA:0,(anonymous_20)
FNDA:0,(anonymous_21)
FNDA:0,(anonymous_22)
FNDA:0,(anonymous_23)
FNDA:0,(anonymous_24)
FNDA:0,(anonymous_25)
FNDA:0,(anonymous_26)
FNDA:0,(anonymous_27)
FNDA:0,(anonymous_28)
FNDA:0,(anonymous_29)
FNDA:0,(anonymous_30)
FNDA:0,(anonymous_31)
DA:1,0
DA:3,0
DA:4,0
DA:5,0
DA:6,0
DA:8,0
DA:12,0
DA:14,0
DA:15,0
DA:16,0
DA:19,0
DA:21,0
DA:23,0
DA:25,0
DA:26,0
DA:27,0
DA:28,0
DA:29,0
DA:30,0
DA:36,0
DA:37,0
DA:38,0
DA:39,0
DA:40,0
DA:42,0
DA:43,0
DA:44,0
DA:51,0
DA:54,0
DA:55,0
DA:56,0
DA:57,0
DA:58,0
DA:70,0
DA:71,0
DA:72,0
DA:73,0
DA:75,0
DA:76,0
DA:77,0
DA:78,0
DA:81,0
DA:82,0
DA:85,0
DA:86,0
DA:87,0
DA:88,0
DA:92,0
DA:93,0
DA:96,0
DA:97,0
DA:98,0
DA:114,0
DA:115,0
DA:118,0
DA:129,0
DA:130,0
DA:131,0
DA:134,0
DA:150,0
DA:151,0
DA:158,0
DA:160,0
DA:161,0
DA:167,0
DA:168,0
LF:66
LH:0
BRDA:19,0,0,0
BRDA:27,1,0,0
BRDA:29,2,0,0
BRDA:36,3,0,0
BRDA:38,4,0,0
BRDA:43,5,0,0
BRDA:59,6,0,0
BRDA:59,6,1,0
BRDA:76,7,0,0
BRDA:76,7,1,0
BRDA:77,8,0,0
BRDA:82,9,0,0
BRDA:82,9,1,0
BRDA:86,10,0,0
BRDA:92,11,0,0
BRDA:92,12,0,0
BRDA:92,12,1,0
BRDA:105,13,0,0
BRDA:105,13,1,0
BRDA:114,14,0,0
BRDA:114,14,1,0
BRDA:116,15,0,0
BRDA:116,15,1,0
BRDA:131,16,0,0
BRDA:131,16,1,0
BRDA:137,17,0,0
BRDA:137,17,1,0
BRDA:139,18,0,0
BRDA:139,18,1,0
BRDA:140,19,0,0
BRDA:140,19,1,0
BRDA:143,20,0,0
BRDA:150,21,0,0
BRDA:150,21,1,0
BRDA:154,22,0,0
BRDA:160,23,0,0
BRDA:161,24,0,0
BRDA:171,25,0,0
BRDA:171,25,1,0
BRDA:172,26,0,0
BRDA:172,26,1,0
BRDA:173,27,0,0
BRDA:173,27,1,0
BRDA:174,28,0,0
BRDA:174,28,1,0
BRF:45
BRH:0
end_of_record
TN:
SF:components/WaveformPlayer.tsx
FN:5,(anonymous_5)
FN:17,(anonymous_6)
FN:21,(anonymous_7)
FN:28,(anonymous_8)
FN:33,(anonymous_9)
FNF:5
FNH:0
FNDA:0,(anonymous_5)
FNDA:0,(anonymous_6)
FNDA:0,(anonymous_7)
FNDA:0,(anonymous_8)
FNDA:0,(anonymous_9)
DA:1,0
DA:2,0
DA:3,0
DA:5,0
DA:17,0
DA:18,0
DA:19,0
DA:21,0
DA:22,0
DA:24,0
DA:25,0
DA:26,0
DA:28,0
DA:29,0
DA:33,0
DA:34,0
DA:35,0
DA:39,0
DA:40,0
LF:19
LH:0
BRDA:22,0,0,0
BRDA:34,1,0,0
BRDA:34,2,0,0
BRDA:34,2,1,0
BRDA:39,3,0,0
BRDA:48,4,0,0
BRDA:48,4,1,0
BRDA:50,5,0,0
BRDA:50,5,1,0
BRDA:53,6,0,0
BRF:10
BRH:0
end_of_record
TN:
SF:components/icons/AssemblyAIIcon.tsx
FNF:0
FNH:0
DA:2,1
DA:4,1
LF:2
LH:2
BRF:0
BRH:0
end_of_record
TN:
SF:components/icons/ElevenLabsIcon.tsx
FNF:0
FNH:0
DA:2,1
DA:4,1
LF:2
LH:2
BRF:0
BRH:0
end_of_record
TN:
SF:components/icons/GeminiIcon.tsx
FNF:0
FNH:0
DA:1,1
DA:3,1
LF:2
LH:2
BRF:0
BRH:0
end_of_record
TN:
SF:components/icons/GoogleCloudIcon.tsx
FNF:0
FNH:0
DA:2,1
DA:4,1
LF:2
LH:2
BRF:0
BRH:0
end_of_record
TN:
SF:components/icons/OpenAIIcon.tsx
FNF:0
FNH:0
DA:2,1
DA:4,2
LF:2
LH:2
BRF:0
BRH:0
end_of_record
TN:
SF:components/icons/PlayIcon.tsx
FNF:0
FNH:0
DA:2,0
DA:4,0
LF:2
LH:0
BRF:0
BRH:0
end_of_record
TN:
SF:components/icons/UploadIcon.tsx
FNF:0
FNH:0
DA:2,1
DA:4,6
LF:2
LH:2
BRF:0
BRH:0
end_of_record
TN:
SF:context/AppContext.tsx
FN:25,(anonymous_6)
FN:40,(anonymous_7)
FN:41,(anonymous_8)
FN:42,(anonymous_9)
FN:43,(anonymous_10)
FN:44,(anonymous_11)
FN:45,(anonymous_12)
FN:46,(anonymous_13)
FN:47,(anonymous_14)
FN:48,(anonymous_15)
FN:49,(anonymous_16)
FN:52,(anonymous_17)
FN:63,(anonymous_18)
FN:72,(anonymous_19)
FN:80,(anonymous_20)
FN:87,(anonymous_21)
FN:88,(anonymous_22)
FN:91,(anonymous_23)
FN:100,(anonymous_24)
FNF:19
FNH:0
FNDA:0,(anonymous_6)
FNDA:0,(anonymous_7)
FNDA:0,(anonymous_8)
FNDA:0,(anonymous_9)
FNDA:0,(anonymous_10)
FNDA:0,(anonymous_11)
FNDA:0,(anonymous_12)
FNDA:0,(anonymous_13)
FNDA:0,(anonymous_14)
FNDA:0,(anonymous_15)
FNDA:0,(anonymous_16)
FNDA:0,(anonymous_17)
FNDA:0,(anonymous_18)
FNDA:0,(anonymous_19)
FNDA:0,(anonymous_20)
FNDA:0,(anonymous_21)
FNDA:0,(anonymous_22)
FNDA:0,(anonymous_23)
FNDA:0,(anonymous_24)
DA:3,4
DA:4,4
DA:6,4
DA:23,4
DA:25,4
DA:26,0
DA:27,0
DA:28,0
DA:29,0
DA:32,0
DA:34,0
DA:38,12
DA:52,4
DA:53,0
DA:54,0
DA:55,0
DA:56,0
DA:57,0
DA:58,0
DA:59,0
DA:60,0
DA:63,0
DA:64,0
DA:65,0
DA:67,0
DA:72,0
DA:73,0
DA:74,0
DA:76,0
DA:80,0
DA:81,0
DA:82,0
DA:83,0
DA:84,0
DA:87,0
DA:88,0
DA:89,0
DA:90,0
DA:91,0
DA:92,0
DA:93,0
DA:94,0
DA:96,0
DA:100,0
LF:44
LH:7
BRDA:28,0,0,0
BRDA:73,1,0,0
BRDA:73,1,1,0
BRDA:89,2,0,0
BRDA:92,3,0,0
BRDA:92,4,0,0
BRDA:92,4,1,0
BRF:7
BRH:0
end_of_record
TN:
SF:context/AudioContext.tsx
FN:17,(anonymous_6)
FN:18,(anonymous_7)
FN:19,(anonymous_8)
FN:20,(anonymous_9)
FN:21,(anonymous_10)
FN:22,(anonymous_11)
FN:23,(anonymous_12)
FN:26,(anonymous_13)
FN:37,(anonymous_14)
FN:41,(anonymous_15)
FN:42,(anonymous_16)
FN:43,(anonymous_17)
FN:44,(anonymous_18)
FN:45,(anonymous_19)
FN:48,(anonymous_20)
FN:49,(anonymous_21)
FN:53,(anonymous_22)
FN:64,(anonymous_23)
FN:65,(anonymous_24)
FN:66,(anonymous_25)
FN:68,(anonymous_26)
FN:77,(anonymous_27)
FNF:22
FNH:0
FNDA:0,(anonymous_6)
FNDA:0,(anonymous_7)
FNDA:0,(anonymous_8)
FNDA:0,(anonymous_9)
FNDA:0,(anonymous_10)
FNDA:0,(anonymous_11)
FNDA:0,(anonymous_12)
FNDA:0,(anonymous_13)
FNDA:0,(anonymous_14)
FNDA:0,(anonymous_15)
FNDA:0,(anonymous_16)
FNDA:0,(anonymous_17)
FNDA:0,(anonymous_18)
FNDA:0,(anonymous_19)
FNDA:0,(anonymous_20)
FNDA:0,(anonymous_21)
FNDA:0,(anonymous_22)
FNDA:0,(anonymous_23)
FNDA:0,(anonymous_24)
FNDA:0,(anonymous_25)
FNDA:0,(anonymous_26)
FNDA:0,(anonymous_27)
DA:1,1
DA:5,1
DA:15,12
DA:26,1
DA:27,0
DA:28,0
DA:29,0
DA:30,0
DA:31,0
DA:32,0
DA:33,0
DA:35,0
DA:37,0
DA:38,0
DA:40,0
DA:41,0
DA:42,0
DA:43,0
DA:44,0
DA:45,0
DA:48,0
DA:49,0
DA:53,0
DA:54,0
DA:55,0
DA:56,0
DA:58,0
DA:59,0
DA:60,0
DA:64,0
DA:65,0
DA:66,0
DA:68,0
DA:69,0
DA:70,0
DA:71,0
DA:73,0
DA:74,0
DA:76,0
DA:77,0
DA:78,0
DA:79,0
DA:85,0
LF:43
LH:4
BRDA:38,0,0,0
BRDA:54,1,0,0
BRDA:59,2,0,0
BRDA:69,3,0,0
BRDA:70,4,0,0
BRDA:78,5,0,0
BRF:6
BRH:0
end_of_record
TN:
SF:hooks/useAnalysis.ts
FN:5,(anonymous_1)
FN:15,(anonymous_2)
FNF:2
FNH:0
FNDA:0,(anonymous_1)
FNDA:0,(anonymous_2)
DA:1,0
DA:2,0
DA:5,0
DA:13,0
DA:15,0
DA:16,0
DA:17,0
DA:18,0
DA:20,0
DA:21,0
DA:22,0
DA:24,0
DA:25,0
DA:33,0
DA:34,0
DA:35,0
DA:38,0
DA:39,0
DA:41,0
DA:43,0
DA:47,0
LF:21
LH:0
BRDA:16,0,0,0
BRDA:33,1,0,0
BRDA:35,2,0,0
BRDA:35,2,1,0
BRDA:41,3,0,0
BRDA:41,3,1,0
BRF:6
BRH:0
end_of_record
TN:
SF:hooks/useTranscription.ts
FN:7,(anonymous_1)
FN:17,(anonymous_2)
FN:23,(anonymous_3)
FN:35,(anonymous_4)
FNF:4
FNH:1
FNDA:6,(anonymous_1)
FNDA:0,(anonymous_2)
FNDA:0,(anonymous_3)
FNDA:0,(anonymous_4)
DA:1,1
DA:2,1
DA:3,1
DA:4,1
DA:7,6
DA:14,6
DA:15,6
DA:17,6
DA:18,0
DA:19,0
DA:20,0
DA:23,0
DA:24,0
DA:25,0
DA:26,0
DA:29,0
DA:30,0
DA:32,0
DA:33,0
DA:34,0
DA:35,0
DA:37,0
DA:42,0
DA:43,0
DA:44,0
DA:47,0
DA:48,0
DA:50,0
DA:51,0
DA:53,0
DA:57,6
LF:31
LH:9
BRDA:18,0,0,0
BRDA:24,1,0,0
BRDA:42,2,0,0
BRDA:44,3,0,0
BRDA:44,3,1,0
BRDA:50,4,0,0
BRDA:50,4,1,0
BRF:7
BRH:0
end_of_record
TN:
SF:test-utils/index.tsx
FN:52,AllTheProviders
FN:62,WithoutErrorBoundary
FN:70,renderWithProviders
FN:95,createMockFormData
FN:103,mockFetch
FN:106,(anonymous_19)
FN:114,(anonymous_20)
FN:123,(anonymous_21)
FN:130,(anonymous_22)
FN:134,(anonymous_23)
FN:140,(anonymous_24)
FN:140,(anonymous_25)
FN:144,(anonymous_26)
FN:149,(anonymous_27)
FN:158,(anonymous_28)
FNF:15
FNH:0
FNDA:0,AllTheProviders
FNDA:0,WithoutErrorBoundary
FNDA:0,renderWithProviders
FNDA:0,createMockFormData
FNDA:0,mockFetch
FNDA:0,(anonymous_19)
FNDA:0,(anonymous_20)
FNDA:0,(anonymous_21)
FNDA:0,(anonymous_22)
FNDA:0,(anonymous_23)
FNDA:0,(anonymous_24)
FNDA:0,(anonymous_25)
FNDA:0,(anonymous_26)
FNDA:0,(anonymous_27)
FNDA:0,(anonymous_28)
DA:1,4
DA:3,4
DA:4,4
DA:7,4
DA:26,4
DA:41,4
DA:70,0
DA:74,0
DA:76,0
DA:83,4
DA:95,0
DA:96,0
DA:97,0
DA:98,0
DA:99,0
DA:103,0
DA:104,0
DA:106,0
DA:107,0
DA:109,0
DA:110,0
DA:111,0
DA:114,0
DA:118,0
DA:119,0
DA:120,0
DA:123,0
DA:127,0
DA:130,0
DA:134,0
DA:135,0
DA:140,4
DA:143,4
DA:146,0
DA:150,0
DA:156,0
DA:158,0
LF:37
LH:9
BRDA:72,0,0,0
BRDA:74,1,0,0
BRDA:77,2,0,0
BRDA:77,2,1,0
BRDA:95,3,0,0
BRDA:109,4,0,0
BRDA:110,5,0,0
BRDA:110,5,1,0
BRDA:118,6,0,0
BRDA:119,7,0,0
BRDA:119,7,1,0
BRDA:146,8,0,0
BRDA:146,8,1,0
BRDA:146,8,2,0
BRDA:146,8,3,0
BRDA:150,9,0,0
BRDA:150,9,1,0
BRDA:150,9,2,0
BRDA:150,9,3,0
BRDA:158,10,0,0
BRDA:158,10,1,0
BRF:21
BRH:0
end_of_record
TN:
SF:utils/chunking.ts
FN:10,(anonymous_1)
FN:16,(anonymous_2)
FN:26,(anonymous_3)
FNF:3
FNH:3
FNDA:6,(anonymous_1)
FNDA:8,(anonymous_2)
FNDA:15,(anonymous_3)
DA:10,6
DA:11,6
DA:12,1
DA:16,8
DA:17,5
DA:18,5
DA:20,5
DA:21,11
DA:22,11
DA:24,11
DA:26,11
DA:28,15
DA:29,15
DA:32,11
DA:35,5
LF:15
LH:15
BRDA:10,0,0,2
BRDA:11,1,0,1
BRF:2
BRH:2
end_of_record
TN:
SF:utils/logger.ts
FN:21,(anonymous_4)
FN:25,(anonymous_5)
FN:58,(anonymous_6)
FN:62,(anonymous_7)
FN:66,(anonymous_8)
FN:70,(anonymous_9)
FN:75,(anonymous_10)
FN:84,(anonymous_11)
FN:97,(anonymous_12)
FN:99,(anonymous_13)
FN:111,(anonymous_15)
FN:118,(anonymous_16)
FN:122,(anonymous_17)
FNF:13
FNH:13
FNDA:3,(anonymous_4)
FNDA:15,(anonymous_5)
FNDA:9,(anonymous_6)
FNDA:1,(anonymous_7)
FNDA:2,(anonymous_8)
FNDA:1,(anonymous_9)
FNDA:1,(anonymous_10)
FNDA:2,(anonymous_11)
FNDA:3,(anonymous_12)
FNDA:3,(anonymous_13)
FNDA:3,(anonymous_15)
FNDA:2,(anonymous_16)
FNDA:2,(anonymous_17)
DA:19,4
DA:22,3
DA:26,15
DA:33,15
DA:34,2
DA:38,15
DA:39,15
DA:41,3
DA:42,3
DA:44,1
DA:45,1
DA:47,1
DA:48,1
DA:50,10
DA:54,0
DA:59,9
DA:63,1
DA:67,2
DA:71,1
DA:76,1
DA:85,2
DA:86,2
DA:98,3
DA:99,3
DA:100,3
DA:101,3
DA:102,3
DA:108,8
DA:111,1
DA:112,3
DA:113,3
DA:114,3
DA:118,2
DA:122,2
DA:123,2
DA:124,2
DA:125,2
DA:127,2
DA:128,2
DA:129,2
DA:130,1
DA:131,1
DA:132,1
DA:134,1
DA:135,1
DA:136,1
LF:46
LH:45
BRDA:33,0,0,2
BRDA:38,1,0,15
BRDA:38,1,1,0
BRDA:39,2,0,3
BRDA:39,2,1,1
BRDA:39,2,2,1
BRDA:39,2,3,10
BRDA:85,3,0,1
BRDA:85,3,1,1
BRF:9
BRH:8
end_of_record
TN:
SF:utils/validation.ts
FN:8,(anonymous_8)
FN:57,(anonymous_9)
FN:67,(anonymous_10)
FNF:3
FNH:2
FNDA:14,(anonymous_8)
FNDA:0,(anonymous_9)
FNDA:2,(anonymous_10)
DA:1,1
DA:2,1
DA:5,12
DA:8,14
DA:24,3
DA:29,1
DA:45,1
DA:48,1
DA:57,1
DA:58,0
DA:59,0
DA:61,0
DA:62,0
DA:67,2
DA:68,2
LF:15
LH:11
BRF:0
BRH:0
end_of_record
